<?xml version="1.0" encoding="UTF-8"?>
<!-- Generated by org.testng.reporters.JUnitReportReporter -->
<testsuite hostname="Atrinik" failures="0" tests="2" name="Academy.E2EProject.HomePageTest" time="8.668" errors="0" timestamp="2022-08-16T09:55:13 EDT" skipped="0">
  <testcase classname="Academy.E2EProject.HomePageTest" name="basePageNavigation" time="3.442"/>
  <system-out/>
  <testcase classname="Academy.E2EProject.HomePageTest" name="basePageNavigation" time="5.226"/>
  <system-out/>
</testsuite> <!-- Academy.E2EProject.HomePageTest -->
