<?xml version="1.0" encoding="UTF-8"?>
<!-- Generated by org.testng.reporters.JUnitReportReporter -->
<testsuite hostname="Atrinik" failures="0" tests="1" name="Academy.E2EProject.ValidateNavbarTest" time="0.061" errors="0" timestamp="2022-08-16T09:55:13 EDT" skipped="0">
  <testcase classname="Academy.E2EProject.ValidateNavbarTest" name="basePageNavigation" time="0.061"/>
  <system-out/>
</testsuite> <!-- Academy.E2EProject.ValidateNavbarTest -->
