<?xml version="1.0" encoding="UTF-8"?>
<!-- Generated by org.testng.reporters.JUnitReportReporter -->
<testsuite hostname="Atrinik" failures="0" tests="1" name="Academy.E2EProject.ValidateNavbarTest" time="0.050" errors="0" timestamp="2022-08-12T11:00:57 EDT" skipped="0">
  <testcase classname="Academy.E2EProject.ValidateNavbarTest" name="basePageNavigation" time="0.050"/>
  <system-out/>
</testsuite> <!-- Academy.E2EProject.ValidateNavbarTest -->
