<?xml version="1.0" encoding="UTF-8"?>
<!-- Generated by org.testng.reporters.JUnitReportReporter -->
<testsuite hostname="Atrinik" failures="0" tests="1" name="Academy.E2EProject.ValidateTitle" time="1.174" errors="0" timestamp="2022-08-10T15:11:00 EDT" skipped="0">
  <testcase classname="Academy.E2EProject.ValidateTitle" name="basePageNavigation" time="1.174"/>
  <system-out/>
</testsuite> <!-- Academy.E2EProject.ValidateTitle -->
