<?xml version="1.0" encoding="UTF-8"?>
<!-- Generated by org.testng.reporters.JUnitReportReporter -->
<testsuite hostname="Atrinik" failures="0" tests="2" name="Academy.E2EProject.HomePageTest" time="6.164" errors="0" timestamp="2022-08-12T11:00:57 EDT" skipped="0">
  <testcase classname="Academy.E2EProject.HomePageTest" name="basePageNavigation" time="3.821"/>
  <system-out/>
  <testcase classname="Academy.E2EProject.HomePageTest" name="basePageNavigation" time="2.343"/>
  <system-out/>
</testsuite> <!-- Academy.E2EProject.HomePageTest -->
